#
# A fatal error has been detected by the Java Runtime Environment:
#
#  SIGSEGV (0xb) at pc=0x0000000110046914, pid=31480, tid=19203
#
# JRE version: Java(TM) SE Runtime Environment (8.0_60-b27) (build 1.8.0_60-b27)
# Java VM: Java HotSpot(TM) 64-Bit Server VM (25.60-b23 mixed mode bsd-amd64 compressed oops)
# Problematic frame:
# V  [libjvm.dylib+0x446914]  Method::checked_resolve_jmethod_id(_jmethodID*)+0xe
#
# Failed to write core dump. Core dumps have been disabled. To enable core dumping, try "ulimit -c unlimited" before starting Java again
#
# If you would like to submit a bug report, please visit:
#   http://bugreport.java.com/bugreport/crash.jsp
#

---------------  T H R E A D  ---------------

Current thread (0x00007fbef9843000):  JavaThread "JDWP Transport Listener: dt_socket" daemon [_thread_in_vm, id=19203, stack(0x0000700000f47000,0x0000700001047000)]

siginfo: si_signo: 11 (SIGSEGV), si_code: 0 (unknown), si_addr: 0x0000000000000000

Registers:
RAX=0x0000000000000001, RBX=0x0000700001046a8b, RCX=0x0000000110415310, RDX=0x0000700001046a8b
RSP=0x00007000010469d0, RBP=0x00007000010469e0, RSI=0x00007fbef9843000, RDI=0x2000000000000000
R8 =0x0000000000000000, R9 =0x00007fbef8702780, R10=0x0000000056d9432e, R11=0x00007fbef8700000
R12=0x00007fbef9843000, R13=0x2000000000000000, R14=0x2000000000000000, R15=0x00007fbef8513e00
RIP=0x0000000110046914, EFLAGS=0x0000000000010206, ERR=0x0000000000000000
  TRAPNO=0x000000000000000d

Top of Stack: (sp=0x00007000010469d0)
0x00007000010469d0:   0000700001046a8b 0000700001046a8b
0x00007000010469e0:   0000700001046a40 000000010ff55a0e
0x00007000010469f0:   00007fbef9843000 0000000000000000
0x0000700001046a00:   0000000000000000 0000000000000000
0x0000700001046a10:   00007fbef9843000 00007fbef9843000
0x0000700001046a20:   0000700001046a8b 0000700001046a90
0x0000700001046a30:   2000000000000000 0000000000000003
0x0000700001046a40:   0000700001046a60 000000010eb68780
0x0000700001046a50:   0000000000000001 0000700001046b08
0x0000700001046a60:   0000700001046ad0 000000010eb4d1f3
0x0000700001046a70:   0000700001046aa0 00007fbef87028a0
0x0000700001046a80:   0000000400000032 f000100a01046b08
0x0000700001046a90:   0000000000000000 0000000000000000
0x0000700001046aa0:   0000000000000000 0000700001046c90
0x0000700001046ab0:   000000010eb6fe7a 00007fbefb200d10
0x0000700001046ac0:   0000700001046b08 000000010eb7b598
0x0000700001046ad0:   0000700001046ae0 000000010eb4d2ec
0x0000700001046ae0:   0000700001046d00 000000010eb56898
0x0000700001046af0:   0000094a00000013 00000000000f0200
0x0000700001046b00:   00007fbefb200f80 00007fbef8702e86
0x0000700001046b10:   00007fbe00000242 00007fbef87028c0
0x0000700001046b20:   000000000000012c 0000700001046b58
0x0000700001046b30:   00007fbef87028c0 0000000000000000
0x0000700001046b40:   0000094a0000001c 00007fff0000bc80
0x0000700001046b50:   0000700001046b58 be7f000004000000
0x0000700001046b60:   0e00000050f651f8 6d6d6f4374736f6d
0x0000700001046b70:   000064726f576e6f 6176616a4c283400
0x0000700001046b80:   74532f676e616c2f 616a4c3b676e6972
0x0000700001046b90:   2f6c6974752f6176 6a4c293b7473694c
0x0000700001046ba0:   6c6974752f617661 00003b7473694c2f
0x0000700001046bb0:   6176616a4c285c00 74532f676e616c2f
0x0000700001046bc0:   616a4c3b676e6972 2f6c6974752f6176 

Instructions: (pc=0x0000000110046914)
0x00000001100468f4:   40 48 48 85 c0 75 e0 30 c0 0f b6 c0 5d c3 31 c0
0x0000000110046904:   5d c3 55 48 89 e5 53 48 83 ec 08 48 85 ff 74 24
0x0000000110046914:   48 8b 1f 48 85 db 74 1c 48 83 fb 37 74 16 48 8b
0x0000000110046924:   03 48 89 df ff 50 10 84 c0 b8 00 00 00 00 48 0f 

Register to memory mapping:

RAX=0x0000000000000001 is an unknown value
RBX=0x0000700001046a8b is pointing into the stack for thread: 0x00007fbef9843000
RCX=0x0000000110415310: UseMembar+0 in /Library/Java/JavaVirtualMachines/jdk1.8.0_60.jdk/Contents/Home/jre/lib/server/libjvm.dylib at 0x000000010fc00000
RDX=0x0000700001046a8b is pointing into the stack for thread: 0x00007fbef9843000
RSP=0x00007000010469d0 is pointing into the stack for thread: 0x00007fbef9843000
RBP=0x00007000010469e0 is pointing into the stack for thread: 0x00007fbef9843000
RSI=0x00007fbef9843000 is a thread
RDI=0x2000000000000000 is an unknown value
R8 =0x0000000000000000 is an unknown value
R9 =0x00007fbef8702780 is an unknown value
R10=0x0000000056d9432e is an unknown value
R11=0x00007fbef8700000 is an unknown value
R12=0x00007fbef9843000 is a thread
R13=0x2000000000000000 is an unknown value
R14=0x2000000000000000 is an unknown value
R15=0x00007fbef8513e00 is an unknown value


Stack: [0x0000700000f47000,0x0000700001047000],  sp=0x00007000010469d0,  free space=1022k
Native frames: (J=compiled Java code, j=interpreted, Vv=VM code, C=native code)
V  [libjvm.dylib+0x446914]  Method::checked_resolve_jmethod_id(_jmethodID*)+0xe
V  [libjvm.dylib+0x355a0e]  jvmti_IsMethodSynthetic+0xb2
C  [libjdwp.dylib+0x20780]  isMethodSynthetic+0x63
C  [libjdwp.dylib+0x51f3]  methods1+0x10b
C  [libjdwp.dylib+0x52ec]  methodsWithGeneric+0xe
C  [libjdwp.dylib+0xe898]  debugLoop_run+0x1ce
C  [libjdwp.dylib+0x1f6ba]  attachThread+0x4d
V  [libjvm.dylib+0x396d6c]  JvmtiAgentThread::call_start_function()+0x38
V  [libjvm.dylib+0x5612d3]  JavaThread::thread_main_inner()+0x9b
V  [libjvm.dylib+0x5629ce]  JavaThread::run()+0x1c2
V  [libjvm.dylib+0x48343a]  java_start(Thread*)+0xf6
C  [libsystem_pthread.dylib+0x399d]  _pthread_body+0x83
C  [libsystem_pthread.dylib+0x391a]  _pthread_body+0x0
C  [libsystem_pthread.dylib+0x1351]  thread_start+0xd
C  0x0000000000000000


---------------  P R O C E S S  ---------------

Java Threads: ( => current thread )
  0x00007fbefc802000 JavaThread "Service Thread" daemon [_thread_blocked, id=22787, stack(0x000070000165c000,0x000070000175c000)]
  0x00007fbefb816000 JavaThread "C1 CompilerThread3" daemon [_thread_blocked, id=22275, stack(0x0000700001559000,0x0000700001659000)]
  0x00007fbef9847000 JavaThread "C2 CompilerThread2" daemon [_thread_blocked, id=21763, stack(0x0000700001456000,0x0000700001556000)]
  0x00007fbef9848800 JavaThread "C2 CompilerThread1" daemon [_thread_blocked, id=21251, stack(0x0000700001353000,0x0000700001453000)]
  0x00007fbefb817000 JavaThread "C2 CompilerThread0" daemon [_thread_blocked, id=20739, stack(0x0000700001250000,0x0000700001350000)]
  0x00007fbef882a800 JavaThread "JDWP Command Reader" daemon [_thread_in_native, id=20227, stack(0x000070000114d000,0x000070000124d000)]
  0x00007fbef9848000 JavaThread "JDWP Event Helper Thread" daemon [_thread_blocked, id=19715, stack(0x000070000104a000,0x000070000114a000)]
=>0x00007fbef9843000 JavaThread "JDWP Transport Listener: dt_socket" daemon [_thread_in_vm, id=19203, stack(0x0000700000f47000,0x0000700001047000)]
  0x00007fbef9842800 JavaThread "Signal Dispatcher" daemon [_thread_blocked, id=14863, stack(0x0000700000e44000,0x0000700000f44000)]
  0x00007fbef900c800 JavaThread "Finalizer" daemon [_thread_blocked, id=14339, stack(0x0000700000c3b000,0x0000700000d3b000)]
  0x00007fbef8823000 JavaThread "Reference Handler" daemon [_thread_blocked, id=13827, stack(0x0000700000b38000,0x0000700000c38000)]
  0x00007fbef9802800 JavaThread "main" [_thread_blocked, id=5891, stack(0x000070000011a000,0x000070000021a000)]

Other Threads:
  0x00007fbefb806800 VMThread [stack: 0x0000700000a35000,0x0000700000b35000] [id=13315]
  0x00007fbef8851000 WatcherThread [stack: 0x000070000175f000,0x000070000185f000] [id=23299]

VM state:not at safepoint (normal execution)

VM Mutex/Monitor currently owned by a thread: None

Heap:
 PSYoungGen      total 76288K, used 5243K [0x000000076ab00000, 0x0000000770000000, 0x00000007c0000000)
  eden space 65536K, 8% used [0x000000076ab00000,0x000000076b01ec70,0x000000076eb00000)
  from space 10752K, 0% used [0x000000076f580000,0x000000076f580000,0x0000000770000000)
  to   space 10752K, 0% used [0x000000076eb00000,0x000000076eb00000,0x000000076f580000)
 ParOldGen       total 175104K, used 0K [0x00000006c0000000, 0x00000006cab00000, 0x000000076ab00000)
  object space 175104K, 0% used [0x00000006c0000000,0x00000006c0000000,0x00000006cab00000)
 Metaspace       used 2793K, capacity 4498K, committed 4864K, reserved 1056768K
  class space    used 298K, capacity 386K, committed 512K, reserved 1048576K

Card table byte_map: [0x000000011ff49000,0x000000012074a000] byte_map_base: 0x000000011c949000

Marking Bits: (ParMarkBitMap*) 0x00000001104dee20
 Begin Bits: [0x0000000120ca0000, 0x0000000124ca0000)
 End Bits:   [0x0000000124ca0000, 0x0000000128ca0000)

Polling page: 0x000000010eb47000

CodeCache: size=245760Kb used=1122Kb max_used=1122Kb free=244637Kb
 bounds [0x0000000110b89000, 0x0000000110df9000, 0x000000011fb89000]
 total_blobs=260 nmethods=36 adapters=146
 compilation: enabled

Compilation events (10 events):
Event: 0.135 Thread 0x00007fbefb816000   32       1       java.net.URL::getProtocol (5 bytes)
Event: 0.135 Thread 0x00007fbefb816000 nmethod 32 0x0000000110c9d590 code [0x0000000110c9d6e0, 0x0000000110c9d7f0]
Event: 0.135 Thread 0x00007fbefb816000   33       1       java.lang.StringCoding$StringEncoder::requestedCharsetName (5 bytes)
Event: 0.135 Thread 0x00007fbefb816000 nmethod 33 0x0000000110ca04d0 code [0x0000000110ca0620, 0x0000000110ca0730]
Event: 0.139 Thread 0x00007fbefb816000   34       3       java.lang.AbstractStringBuilder::expandCapacity (50 bytes)
Event: 0.139 Thread 0x00007fbefb816000 nmethod 34 0x0000000110ca0790 code [0x0000000110ca0940, 0x0000000110ca0eb8]
Event: 0.144 Thread 0x00007fbefb816000   35       3       java.lang.CharacterDataLatin1::toLowerCase (39 bytes)
Event: 0.145 Thread 0x00007fbefb816000 nmethod 35 0x0000000110ca1310 code [0x0000000110ca1480, 0x0000000110ca1710]
Event: 0.145 Thread 0x00007fbefb816000   36       1       java.lang.String::length (6 bytes)
Event: 0.145 Thread 0x00007fbefb816000 nmethod 36 0x0000000110ca1890 code [0x0000000110ca19e0, 0x0000000110ca1af0]

GC Heap History (0 events):
No events

Deoptimization events (0 events):
No events

Internal exceptions (10 events):
Event: 0.133 Thread 0x00007fbef9802800 Exception <a 'java/security/PrivilegedActionException'> (0x000000076aba70f0) thrown at [/Users/java_re/workspace/8-2-build-macosx-x86_64/jdk8u60/4407/hotspot/src/share/vm/prims/jvm.cpp, line 1386]
Event: 0.133 Thread 0x00007fbef9802800 Exception <a 'java/util/zip/ZipException'> (0x000000076aba7e70) thrown at [/Users/java_re/workspace/8-2-build-macosx-x86_64/jdk8u60/4407/hotspot/src/share/vm/prims/jni.cpp, line 709]
Event: 0.133 Thread 0x00007fbef9802800 Exception <a 'java/security/PrivilegedActionException'> (0x000000076aba8078) thrown at [/Users/java_re/workspace/8-2-build-macosx-x86_64/jdk8u60/4407/hotspot/src/share/vm/prims/jvm.cpp, line 1386]
Event: 0.133 Thread 0x00007fbef9802800 Exception <a 'java/security/PrivilegedActionException'> (0x000000076aba8288) thrown at [/Users/java_re/workspace/8-2-build-macosx-x86_64/jdk8u60/4407/hotspot/src/share/vm/prims/jvm.cpp, line 1386]
Event: 0.135 Thread 0x00007fbef9802800 Exception <a 'java/util/zip/ZipException'> (0x000000076aba9008) thrown at [/Users/java_re/workspace/8-2-build-macosx-x86_64/jdk8u60/4407/hotspot/src/share/vm/prims/jni.cpp, line 709]
Event: 0.135 Thread 0x00007fbef9802800 Exception <a 'java/security/PrivilegedActionException'> (0x000000076aba9210) thrown at [/Users/java_re/workspace/8-2-build-macosx-x86_64/jdk8u60/4407/hotspot/src/share/vm/prims/jvm.cpp, line 1386]
Event: 0.135 Thread 0x00007fbef9802800 Exception <a 'java/security/PrivilegedActionException'> (0x000000076aba9420) thrown at [/Users/java_re/workspace/8-2-build-macosx-x86_64/jdk8u60/4407/hotspot/src/share/vm/prims/jvm.cpp, line 1386]
Event: 0.137 Thread 0x00007fbef9802800 Exception <a 'java/util/zip/ZipException'> (0x000000076abbadd0) thrown at [/Users/java_re/workspace/8-2-build-macosx-x86_64/jdk8u60/4407/hotspot/src/share/vm/prims/jni.cpp, line 709]
Event: 0.137 Thread 0x00007fbef9802800 Exception <a 'java/security/PrivilegedActionException'> (0x000000076abbafd8) thrown at [/Users/java_re/workspace/8-2-build-macosx-x86_64/jdk8u60/4407/hotspot/src/share/vm/prims/jvm.cpp, line 1386]
Event: 0.137 Thread 0x00007fbef9802800 Exception <a 'java/security/PrivilegedActionException'> (0x000000076abbb1e8) thrown at [/Users/java_re/workspace/8-2-build-macosx-x86_64/jdk8u60/4407/hotspot/src/share/vm/prims/jvm.cpp, line 1386]

Events (10 events):
Event: 738.695 Executing VM operation: GetCurrentLocation
Event: 738.695 Executing VM operation: GetCurrentLocation done
Event: 738.695 Executing VM operation: EnterInterpOnlyMode
Event: 738.695 Executing VM operation: EnterInterpOnlyMode done
Event: 738.695 Executing VM operation: ChangeSingleStep
Event: 738.695 Executing VM operation: ChangeSingleStep done
Event: 738.696 Executing VM operation: ChangeSingleStep
Event: 738.696 Executing VM operation: ChangeSingleStep done
Event: 738.699 Executing VM operation: RedefineClasses
Event: 738.699 Executing VM operation: RedefineClasses done


Dynamic libraries:
0x0000000008194000 	/System/Library/Frameworks/Cocoa.framework/Versions/A/Cocoa
0x0000000008194000 	/System/Library/Frameworks/Security.framework/Versions/A/Security
0x0000000008194000 	/System/Library/Frameworks/ApplicationServices.framework/Versions/A/ApplicationServices
0x0000000008194000 	/usr/lib/libz.1.dylib
0x0000000008194000 	/usr/lib/libSystem.B.dylib
0x0000000008194000 	/usr/lib/libobjc.A.dylib
0x0000000008194000 	/System/Library/Frameworks/CoreFoundation.framework/Versions/A/CoreFoundation
0x0000000008194000 	/System/Library/Frameworks/Foundation.framework/Versions/C/Foundation
0x0000000008194000 	/System/Library/Frameworks/AppKit.framework/Versions/C/AppKit
0x0000000008194000 	/System/Library/Frameworks/CoreData.framework/Versions/A/CoreData
0x0000000008194000 	/System/Library/PrivateFrameworks/RemoteViewServices.framework/Versions/A/RemoteViewServices
0x0000000008194000 	/System/Library/PrivateFrameworks/UIFoundation.framework/Versions/A/UIFoundation
0x0000000008194000 	/usr/lib/libScreenReader.dylib
0x0000000008194000 	/System/Library/Frameworks/Accelerate.framework/Versions/A/Accelerate
0x0000000008194000 	/System/Library/Frameworks/IOSurface.framework/Versions/A/IOSurface
0x0000000008194000 	/System/Library/Frameworks/AudioToolbox.framework/Versions/A/AudioToolbox
0x0000000008194000 	/System/Library/Frameworks/AudioUnit.framework/Versions/A/AudioUnit
0x0000000008194000 	/System/Library/PrivateFrameworks/DataDetectorsCore.framework/Versions/A/DataDetectorsCore
0x0000000008194000 	/System/Library/PrivateFrameworks/DesktopServicesPriv.framework/Versions/A/DesktopServicesPriv
0x0000000008194000 	/System/Library/Frameworks/Carbon.framework/Versions/A/Frameworks/HIToolbox.framework/Versions/A/HIToolbox
0x0000000008194000 	/System/Library/Frameworks/QuartzCore.framework/Versions/A/QuartzCore
0x0000000008194000 	/System/Library/Frameworks/Carbon.framework/Versions/A/Frameworks/SpeechRecognition.framework/Versions/A/SpeechRecognition
0x0000000008194000 	/usr/lib/libauto.dylib
0x0000000008194000 	/usr/lib/libicucore.A.dylib
0x0000000008194000 	/usr/lib/libxml2.2.dylib
0x0000000008194000 	/System/Library/PrivateFrameworks/CoreUI.framework/Versions/A/CoreUI
0x0000000008194000 	/System/Library/Frameworks/CoreAudio.framework/Versions/A/CoreAudio
0x0000000008194000 	/System/Library/Frameworks/DiskArbitration.framework/Versions/A/DiskArbitration
0x0000000008194000 	/usr/lib/liblangid.dylib
0x0000000008194000 	/System/Library/PrivateFrameworks/MultitouchSupport.framework/Versions/A/MultitouchSupport
0x0000000008194000 	/System/Library/Frameworks/IOKit.framework/Versions/A/IOKit
0x0000000008194000 	/usr/lib/libDiagnosticMessagesClient.dylib
0x0000000008194000 	/System/Library/Frameworks/CoreServices.framework/Versions/A/CoreServices
0x0000000008194000 	/System/Library/PrivateFrameworks/PerformanceAnalysis.framework/Versions/A/PerformanceAnalysis
0x0000000008194000 	/System/Library/PrivateFrameworks/GenerationalStorage.framework/Versions/A/GenerationalStorage
0x0000000008194000 	/System/Library/Frameworks/OpenGL.framework/Versions/A/OpenGL
0x0000000008194000 	/System/Library/PrivateFrameworks/Sharing.framework/Versions/A/Sharing
0x0000000008194000 	/System/Library/Frameworks/CoreGraphics.framework/Versions/A/CoreGraphics
0x0000000008194000 	/System/Library/Frameworks/CoreImage.framework/Versions/A/CoreImage
0x0000000008194000 	/System/Library/Frameworks/CoreText.framework/Versions/A/CoreText
0x0000000008194000 	/System/Library/Frameworks/ImageIO.framework/Versions/A/ImageIO
0x0000000008194000 	/System/Library/PrivateFrameworks/Backup.framework/Versions/A/Backup
0x0000000008194000 	/usr/lib/libextension.dylib
0x0000000008194000 	/usr/lib/libarchive.2.dylib
0x0000000008194000 	/System/Library/Frameworks/CFNetwork.framework/Versions/A/CFNetwork
0x0000000008194000 	/System/Library/Frameworks/SystemConfiguration.framework/Versions/A/SystemConfiguration
0x0000000008194000 	/usr/lib/libCRFSuite.dylib
0x0000000008194000 	/usr/lib/libc++.1.dylib
0x0000000008194000 	/usr/lib/libc++abi.dylib
0x0000000008194000 	/usr/lib/system/libcache.dylib
0x0000000008194000 	/usr/lib/system/libcommonCrypto.dylib
0x0000000008194000 	/usr/lib/system/libcompiler_rt.dylib
0x0000000008194000 	/usr/lib/system/libcopyfile.dylib
0x0000000008194000 	/usr/lib/system/libcorecrypto.dylib
0x0000000008194000 	/usr/lib/system/libdispatch.dylib
0x0000000008194000 	/usr/lib/system/libdyld.dylib
0x0000000008194000 	/usr/lib/system/libkeymgr.dylib
0x0000000008194000 	/usr/lib/system/liblaunch.dylib
0x0000000008194000 	/usr/lib/system/libmacho.dylib
0x0000000008194000 	/usr/lib/system/libquarantine.dylib
0x0000000008194000 	/usr/lib/system/libremovefile.dylib
0x0000000008194000 	/usr/lib/system/libsystem_asl.dylib
0x0000000008194000 	/usr/lib/system/libsystem_blocks.dylib
0x0000000008194000 	/usr/lib/system/libsystem_c.dylib
0x0000000008194000 	/usr/lib/system/libsystem_configuration.dylib
0x0000000008194000 	/usr/lib/system/libsystem_coreservices.dylib
0x0000000008194000 	/usr/lib/system/libsystem_coretls.dylib
0x0000000008194000 	/usr/lib/system/libsystem_dnssd.dylib
0x0000000008194000 	/usr/lib/system/libsystem_info.dylib
0x0000000008194000 	/usr/lib/system/libsystem_kernel.dylib
0x0000000008194000 	/usr/lib/system/libsystem_m.dylib
0x0000000008194000 	/usr/lib/system/libsystem_malloc.dylib
0x0000000008194000 	/usr/lib/system/libsystem_network.dylib
0x0000000008194000 	/usr/lib/system/libsystem_networkextension.dylib
0x0000000008194000 	/usr/lib/system/libsystem_notify.dylib
0x0000000008194000 	/usr/lib/system/libsystem_platform.dylib
0x0000000008194000 	/usr/lib/system/libsystem_pthread.dylib
0x0000000008194000 	/usr/lib/system/libsystem_sandbox.dylib
0x0000000008194000 	/usr/lib/system/libsystem_secinit.dylib
0x0000000008194000 	/usr/lib/system/libsystem_trace.dylib
0x0000000008194000 	/usr/lib/system/libunc.dylib
0x0000000008194000 	/usr/lib/system/libunwind.dylib
0x0000000008194000 	/usr/lib/system/libxpc.dylib
0x0000000008194000 	/usr/lib/libenergytrace.dylib
0x0000000008194000 	/usr/lib/libbsm.0.dylib
0x0000000008194000 	/usr/lib/system/libkxld.dylib
0x0000000008194000 	/usr/lib/libxar.1.dylib
0x0000000008194000 	/usr/lib/libsqlite3.dylib
0x0000000008194000 	/usr/lib/libpam.2.dylib
0x0000000008194000 	/usr/lib/libOpenScriptingUtil.dylib
0x0000000008194000 	/usr/lib/libbz2.1.0.dylib
0x0000000008194000 	/usr/lib/liblzma.5.dylib
0x0000000008194000 	/System/Library/Frameworks/CoreServices.framework/Versions/A/Frameworks/FSEvents.framework/Versions/A/FSEvents
0x0000000008194000 	/System/Library/Frameworks/CoreServices.framework/Versions/A/Frameworks/CarbonCore.framework/Versions/A/CarbonCore
0x0000000008194000 	/System/Library/Frameworks/CoreServices.framework/Versions/A/Frameworks/Metadata.framework/Versions/A/Metadata
0x0000000008194000 	/System/Library/Frameworks/CoreServices.framework/Versions/A/Frameworks/OSServices.framework/Versions/A/OSServices
0x0000000008194000 	/System/Library/Frameworks/CoreServices.framework/Versions/A/Frameworks/SearchKit.framework/Versions/A/SearchKit
0x0000000008194000 	/System/Library/Frameworks/CoreServices.framework/Versions/A/Frameworks/AE.framework/Versions/A/AE
0x0000000008194000 	/System/Library/Frameworks/CoreServices.framework/Versions/A/Frameworks/LaunchServices.framework/Versions/A/LaunchServices
0x0000000008194000 	/System/Library/Frameworks/CoreServices.framework/Versions/A/Frameworks/DictionaryServices.framework/Versions/A/DictionaryServices
0x0000000008194000 	/System/Library/Frameworks/CoreServices.framework/Versions/A/Frameworks/SharedFileList.framework/Versions/A/SharedFileList
0x0000000008194000 	/System/Library/Frameworks/NetFS.framework/Versions/A/NetFS
0x0000000008194000 	/System/Library/PrivateFrameworks/NetAuth.framework/Versions/A/NetAuth
0x0000000008194000 	/System/Library/PrivateFrameworks/login.framework/Versions/A/Frameworks/loginsupport.framework/Versions/A/loginsupport
0x0000000008194000 	/System/Library/PrivateFrameworks/TCC.framework/Versions/A/TCC
0x0000000008194000 	/usr/lib/libmecabra.dylib
0x0000000008194000 	/System/Library/Frameworks/ApplicationServices.framework/Versions/A/Frameworks/ATS.framework/Versions/A/ATS
0x0000000008194000 	/System/Library/Frameworks/ApplicationServices.framework/Versions/A/Frameworks/ColorSync.framework/Versions/A/ColorSync
0x0000000008194000 	/System/Library/Frameworks/ApplicationServices.framework/Versions/A/Frameworks/HIServices.framework/Versions/A/HIServices
0x0000000008194000 	/System/Library/Frameworks/ApplicationServices.framework/Versions/A/Frameworks/LangAnalysis.framework/Versions/A/LangAnalysis
0x0000000008194000 	/System/Library/Frameworks/ApplicationServices.framework/Versions/A/Frameworks/PrintCore.framework/Versions/A/PrintCore
0x0000000008194000 	/System/Library/Frameworks/ApplicationServices.framework/Versions/A/Frameworks/QD.framework/Versions/A/QD
0x0000000008194000 	/System/Library/Frameworks/ApplicationServices.framework/Versions/A/Frameworks/SpeechSynthesis.framework/Versions/A/SpeechSynthesis
0x0000000008194000 	/System/Library/Frameworks/Metal.framework/Versions/A/Metal
0x0000000008194000 	/System/Library/Frameworks/Accelerate.framework/Versions/A/Frameworks/vImage.framework/Versions/A/vImage
0x0000000008194000 	/System/Library/Frameworks/Accelerate.framework/Versions/A/Frameworks/vecLib.framework/Versions/A/vecLib
0x0000000008194000 	/System/Library/Frameworks/Accelerate.framework/Versions/A/Frameworks/vecLib.framework/Versions/A/libvDSP.dylib
0x0000000008194000 	/System/Library/Frameworks/Accelerate.framework/Versions/A/Frameworks/vecLib.framework/Versions/A/libvMisc.dylib
0x0000000008194000 	/System/Library/Frameworks/Accelerate.framework/Versions/A/Frameworks/vecLib.framework/Versions/A/libLAPACK.dylib
0x0000000008194000 	/System/Library/Frameworks/Accelerate.framework/Versions/A/Frameworks/vecLib.framework/Versions/A/libBLAS.dylib
0x0000000008194000 	/System/Library/Frameworks/Accelerate.framework/Versions/A/Frameworks/vecLib.framework/Versions/A/libLinearAlgebra.dylib
0x0000000008194000 	/System/Library/Frameworks/Accelerate.framework/Versions/A/Frameworks/vecLib.framework/Versions/A/libSparseBLAS.dylib
0x0000000008194000 	/System/Library/PrivateFrameworks/GPUCompiler.framework/libmetal_timestamp.dylib
0x0000000008194000 	/System/Library/Frameworks/OpenGL.framework/Versions/A/Libraries/libCoreFSCache.dylib
0x0000000008194000 	/System/Library/PrivateFrameworks/IOAccelerator.framework/Versions/A/IOAccelerator
0x0000000008194000 	/System/Library/Frameworks/ApplicationServices.framework/Versions/A/Frameworks/ATS.framework/Versions/A/Resources/libFontParser.dylib
0x0000000008194000 	/System/Library/Frameworks/ApplicationServices.framework/Versions/A/Frameworks/ATS.framework/Versions/A/Resources/libFontRegistry.dylib
0x0000000008194000 	/System/Library/PrivateFrameworks/AppleVPA.framework/Versions/A/AppleVPA
0x0000000008194000 	/System/Library/PrivateFrameworks/AppleJPEG.framework/Versions/A/AppleJPEG
0x0000000008194000 	/System/Library/Frameworks/ImageIO.framework/Versions/A/Resources/libJPEG.dylib
0x0000000008194000 	/System/Library/Frameworks/ImageIO.framework/Versions/A/Resources/libTIFF.dylib
0x0000000008194000 	/System/Library/Frameworks/ImageIO.framework/Versions/A/Resources/libPng.dylib
0x0000000008194000 	/System/Library/Frameworks/ImageIO.framework/Versions/A/Resources/libGIF.dylib
0x0000000008194000 	/System/Library/Frameworks/ImageIO.framework/Versions/A/Resources/libJP2.dylib
0x0000000008194000 	/System/Library/Frameworks/ImageIO.framework/Versions/A/Resources/libRadiance.dylib
0x0000000008194000 	/System/Library/Frameworks/CoreVideo.framework/Versions/A/CoreVideo
0x0000000008194000 	/System/Library/Frameworks/OpenGL.framework/Versions/A/Libraries/libGLU.dylib
0x0000000008194000 	/System/Library/Frameworks/OpenGL.framework/Versions/A/Libraries/libGFXShared.dylib
0x0000000008194000 	/System/Library/Frameworks/OpenGL.framework/Versions/A/Libraries/libGL.dylib
0x0000000008194000 	/System/Library/Frameworks/OpenGL.framework/Versions/A/Libraries/libGLImage.dylib
0x0000000008194000 	/System/Library/Frameworks/OpenGL.framework/Versions/A/Libraries/libCVMSPluginSupport.dylib
0x0000000008194000 	/System/Library/Frameworks/OpenGL.framework/Versions/A/Libraries/libCoreVMClient.dylib
0x0000000008194000 	/usr/lib/libcompression.dylib
0x0000000008194000 	/usr/lib/libcups.2.dylib
0x0000000008194000 	/System/Library/Frameworks/Kerberos.framework/Versions/A/Kerberos
0x0000000008194000 	/System/Library/Frameworks/GSS.framework/Versions/A/GSS
0x0000000008194000 	/usr/lib/libresolv.9.dylib
0x0000000008194000 	/usr/lib/libiconv.2.dylib
0x0000000008194000 	/System/Library/PrivateFrameworks/Heimdal.framework/Versions/A/Heimdal
0x0000000008194000 	/usr/lib/libheimdal-asn1.dylib
0x0000000008194000 	/System/Library/Frameworks/OpenDirectory.framework/Versions/A/OpenDirectory
0x0000000008194000 	/System/Library/PrivateFrameworks/CommonAuth.framework/Versions/A/CommonAuth
0x0000000008194000 	/System/Library/Frameworks/OpenDirectory.framework/Versions/A/Frameworks/CFOpenDirectory.framework/Versions/A/CFOpenDirectory
0x0000000008194000 	/System/Library/Frameworks/SecurityFoundation.framework/Versions/A/SecurityFoundation
0x0000000008194000 	/System/Library/PrivateFrameworks/LanguageModeling.framework/Versions/A/LanguageModeling
0x0000000008194000 	/usr/lib/libmarisa.dylib
0x0000000008194000 	/usr/lib/libChineseTokenizer.dylib
0x0000000008194000 	/usr/lib/libcmph.dylib
0x0000000008194000 	/System/Library/Frameworks/ServiceManagement.framework/Versions/A/ServiceManagement
0x0000000008194000 	/usr/lib/libxslt.1.dylib
0x0000000008194000 	/System/Library/Frameworks/Carbon.framework/Versions/A/Frameworks/Ink.framework/Versions/A/Ink
0x0000000008194000 	/usr/lib/libFosl_dynamic.dylib
0x0000000008194000 	/System/Library/PrivateFrameworks/FaceCore.framework/Versions/A/FaceCore
0x0000000008194000 	/System/Library/Frameworks/OpenCL.framework/Versions/A/OpenCL
0x0000000008194000 	/System/Library/PrivateFrameworks/CrashReporterSupport.framework/Versions/A/CrashReporterSupport
0x0000000008194000 	/System/Library/PrivateFrameworks/IconServices.framework/Versions/A/IconServices
0x0000000008194000 	/System/Library/PrivateFrameworks/Apple80211.framework/Versions/A/Apple80211
0x0000000008194000 	/System/Library/Frameworks/CoreWLAN.framework/Versions/A/CoreWLAN
0x0000000008194000 	/System/Library/Frameworks/IOBluetooth.framework/Versions/A/IOBluetooth
0x0000000008194000 	/System/Library/PrivateFrameworks/CoreWiFi.framework/Versions/A/CoreWiFi
0x0000000008194000 	/System/Library/Frameworks/CoreBluetooth.framework/Versions/A/CoreBluetooth
0x0000000008194000 	/System/Library/PrivateFrameworks/ChunkingLibrary.framework/Versions/A/ChunkingLibrary
0x0000000008194000 	/System/Library/PrivateFrameworks/DebugSymbols.framework/Versions/A/DebugSymbols
0x0000000008194000 	/System/Library/PrivateFrameworks/CoreSymbolication.framework/Versions/A/CoreSymbolication
0x0000000008194000 	/System/Library/PrivateFrameworks/Symbolication.framework/Versions/A/Symbolication
0x0000000008194000 	/System/Library/PrivateFrameworks/SpeechRecognitionCore.framework/Versions/A/SpeechRecognitionCore
0x000000010fc00000 	/Library/Java/JavaVirtualMachines/jdk1.8.0_60.jdk/Contents/Home/jre/lib/server/libjvm.dylib
0x0000000008194000 	/usr/lib/libstdc++.6.dylib
0x000000010eb04000 	/Library/Java/JavaVirtualMachines/jdk1.8.0_60.jdk/Contents/Home/jre/lib/libverify.dylib
0x000000010eb12000 	/Library/Java/JavaVirtualMachines/jdk1.8.0_60.jdk/Contents/Home/jre/lib/libjava.dylib
0x000000010eb48000 	/Library/Java/JavaVirtualMachines/jdk1.8.0_60.jdk/Contents/Home/jre/lib/libjdwp.dylib
0x000000010eb93000 	/Library/Java/JavaVirtualMachines/jdk1.8.0_60.jdk/Contents/Home/jre/lib/libnpt.dylib
0x000000010eba0000 	/Library/Java/JavaVirtualMachines/jdk1.8.0_60.jdk/Contents/Home/jre/lib/libzip.dylib
0x000000012bbee000 	/System/Library/Frameworks/JavaVM.framework/Frameworks/JavaRuntimeSupport.framework/JavaRuntimeSupport
0x000000012bc09000 	/System/Library/Frameworks/JavaVM.framework/Versions/A/Frameworks/JavaNativeFoundation.framework/Versions/A/JavaNativeFoundation
0x000000012bc1e000 	/System/Library/Frameworks/JavaVM.framework/Versions/A/JavaVM
0x0000000008194000 	/System/Library/Frameworks/Carbon.framework/Versions/A/Carbon
0x000000012bc2b000 	/System/Library/PrivateFrameworks/JavaLaunching.framework/Versions/A/JavaLaunching
0x0000000008194000 	/System/Library/Frameworks/Carbon.framework/Versions/A/Frameworks/CommonPanels.framework/Versions/A/CommonPanels
0x0000000008194000 	/System/Library/Frameworks/Carbon.framework/Versions/A/Frameworks/Help.framework/Versions/A/Help
0x0000000008194000 	/System/Library/Frameworks/Carbon.framework/Versions/A/Frameworks/ImageCapture.framework/Versions/A/ImageCapture
0x0000000008194000 	/System/Library/Frameworks/Carbon.framework/Versions/A/Frameworks/OpenScripting.framework/Versions/A/OpenScripting
0x0000000008194000 	/System/Library/Frameworks/Carbon.framework/Versions/A/Frameworks/Print.framework/Versions/A/Print
0x0000000008194000 	/System/Library/Frameworks/Carbon.framework/Versions/A/Frameworks/SecurityHI.framework/Versions/A/SecurityHI
0x000000012d54a000 	/Library/Java/JavaVirtualMachines/jdk1.8.0_60.jdk/Contents/Home/jre/lib/libdt_socket.dylib

VM Arguments:
jvm_args: -agentlib:jdwp=transport=dt_socket,suspend=y,address=localhost:53628 -Dfile.encoding=UTF-8 
java_command: com.test.problems.Solution
java_class_path (initial): /Users/dp250219/Downloads/WorkSpace/BBP/WS/BBPGITFuture/Preparation/target/classes:/Users/dp250219/.m2/repository/com/google/code/gson/gson/2.8.0/gson-2.8.0.jar:/Users/dp250219/.m2/repository/javax/xml/bind/jaxb-api/2.2.11/jaxb-api-2.2.11.jar:/Users/dp250219/.m2/repository/org/apache/commons/commons-lang3/3.5/commons-lang3-3.5.jar
Launcher Type: SUN_STANDARD

Environment Variables:
PATH=/usr/bin:/bin:/usr/sbin:/sbin
SHELL=/bin/bash

Signal Handlers:
SIGSEGV: [libjvm.dylib+0x5a6d31], sa_mask[0]=11111111011111110111111111111111, sa_flags=SA_ONSTACK|SA_RESTART|SA_SIGINFO
SIGBUS: [libjvm.dylib+0x5a6d31], sa_mask[0]=11111111011111110111111111111111, sa_flags=SA_RESTART|SA_SIGINFO
SIGFPE: [libjvm.dylib+0x480a4c], sa_mask[0]=11111111011111110111111111111111, sa_flags=SA_RESTART|SA_SIGINFO
SIGPIPE: [libjvm.dylib+0x480a4c], sa_mask[0]=11111111011111110111111111111111, sa_flags=SA_RESTART|SA_SIGINFO
SIGXFSZ: [libjvm.dylib+0x480a4c], sa_mask[0]=11111111011111110111111111111111, sa_flags=SA_RESTART|SA_SIGINFO
SIGILL: [libjvm.dylib+0x480a4c], sa_mask[0]=11111111011111110111111111111111, sa_flags=SA_RESTART|SA_SIGINFO
SIGUSR1: SIG_DFL, sa_mask[0]=00000000000000000000000000000000, sa_flags=none
SIGUSR2: [libjvm.dylib+0x48056a], sa_mask[0]=00100000000000000000000000000000, sa_flags=SA_RESTART|SA_SIGINFO
SIGHUP: [libjvm.dylib+0x47eb41], sa_mask[0]=11111111011111110111111111111111, sa_flags=SA_RESTART|SA_SIGINFO
SIGINT: [libjvm.dylib+0x47eb41], sa_mask[0]=11111111011111110111111111111111, sa_flags=SA_RESTART|SA_SIGINFO
SIGTERM: [libjvm.dylib+0x47eb41], sa_mask[0]=11111111011111110111111111111111, sa_flags=SA_RESTART|SA_SIGINFO
SIGQUIT: [libjvm.dylib+0x47eb41], sa_mask[0]=11111111011111110111111111111111, sa_flags=SA_RESTART|SA_SIGINFO


---------------  S Y S T E M  ---------------

OS:Bsduname:Darwin 15.6.0 Darwin Kernel Version 15.6.0: Tue Jan 30 11:45:51 PST 2018; root:xnu-3248.73.8~1/RELEASE_X86_64 x86_64
rlimit: STACK 8192k, CORE 0k, NPROC 709, NOFILE 10240, AS infinity
load average:2.02 2.19 2.24

CPU:total 8 (4 cores per cpu, 2 threads per core) family 6 model 70 stepping 1, cmov, cx8, fxsr, mmx, sse, sse2, sse3, ssse3, sse4.1, sse4.2, popcnt, avx, avx2, aes, clmul, erms, lzcnt, ht, tsc, tscinvbit, bmi1, bmi2

Memory: 4k page, physical 16777216k(2597360k free)

/proc/meminfo:


vm_info: Java HotSpot(TM) 64-Bit Server VM (25.60-b23) for bsd-amd64 JRE (1.8.0_60-b27), built on Aug  4 2015 10:47:24 by "java_re" with gcc 4.2.1 (Based on Apple Inc. build 5658) (LLVM build 2336.11.00)

time: Sun May 13 11:07:59 2018
elapsed time: 738 seconds (0d 0h 12m 18s)

